[20/12/2018 22:27:38] Start Bushido server
[20/12/2018 22:32:07] Client Connected:
[20/12/2018 22:32:07] 192.168.0.108
[20/12/2018 22:32:07] Ky75Ad;A002
[20/12/2018 22:32:08] K000
[20/12/2018 22:32:08] Kill System
[20/12/2018 22:33:51] Client Connected:
[20/12/2018 22:33:51] 192.168.0.108
[20/12/2018 22:33:51] Ky75Ad;A002
[20/12/2018 22:33:51] K000
[20/12/2018 22:33:51] Kill System
[20/12/2018 22:35:02] Client Connected:
[20/12/2018 22:35:02] 192.168.0.108
[20/12/2018 22:35:02] Ky75Ad;A002
[20/12/2018 22:35:02] K000
[20/12/2018 22:35:02] Kill System
[20/12/2018 22:35:32] Client Connected:
[20/12/2018 22:35:32] 192.168.0.108
[20/12/2018 22:35:33] Ky75Ad;A002
[20/12/2018 22:35:33] K000
[20/12/2018 22:35:33] Kill System
[20/12/2018 22:36:03] Client Connected:
[20/12/2018 22:36:03] 192.168.0.108
[20/12/2018 22:36:03] Ky75Ad;A002
[20/12/2018 22:36:03] K000
[20/12/2018 22:36:03] Kill System
[20/12/2018 22:36:33] Client Connected:
[20/12/2018 22:36:33] 192.168.0.108
[20/12/2018 22:36:33] Ky75Ad;A002
[20/12/2018 22:36:33] K000
[20/12/2018 22:36:33] Kill System
[20/12/2018 22:37:41] Client Connected:
[20/12/2018 22:37:41] 192.168.0.108
[20/12/2018 22:37:41] Ky75Ad;A002
[20/12/2018 22:37:42] K000
[20/12/2018 22:37:42] Kill System
[20/12/2018 22:38:11] Client Connected:
[20/12/2018 22:38:11] 192.168.0.108
[20/12/2018 22:38:12] Ky75Ad;A002
[20/12/2018 22:38:12] K000
[20/12/2018 22:38:12] Kill System
[20/12/2018 22:38:42] Client Connected:
[20/12/2018 22:38:42] 192.168.0.108
[20/12/2018 22:38:42] Ky75Ad;A002
[20/12/2018 22:38:42] K000
[20/12/2018 22:38:42] Kill System
[20/12/2018 22:39:12] Client Connected:
[20/12/2018 22:39:12] 192.168.0.108
[20/12/2018 22:39:12] Ky75Ad;A002
[20/12/2018 22:39:12] K000
[20/12/2018 22:39:12] Kill System
[20/12/2018 22:39:42] Client Connected:
[20/12/2018 22:39:42] 192.168.0.108
[20/12/2018 22:39:42] Ky75Ad;A002
[20/12/2018 22:39:42] K000
[20/12/2018 22:39:42] Kill System
[20/12/2018 22:40:12] Client Connected:
[20/12/2018 22:40:12] 192.168.0.108
[20/12/2018 22:40:13] Ky75Ad;A002
[20/12/2018 22:40:13] K000
[20/12/2018 22:40:13] Kill System
[20/12/2018 22:40:43] Client Connected:
[20/12/2018 22:40:43] 192.168.0.108
[20/12/2018 22:40:43] Ky75Ad;A002
[20/12/2018 22:40:43] K000
[20/12/2018 22:40:43] Kill System
[20/12/2018 22:41:13] Client Connected:
[20/12/2018 22:41:13] 192.168.0.108
[20/12/2018 22:41:13] Ky75Ad;A002
[20/12/2018 22:41:13] K000
[20/12/2018 22:41:13] Kill System
[20/12/2018 22:41:43] Client Connected:
[20/12/2018 22:41:43] 192.168.0.108
[20/12/2018 22:41:43] Ky75Ad;A002
[20/12/2018 22:41:43] K000
[20/12/2018 22:41:43] Kill System
[20/12/2018 22:42:13] Client Connected:
[20/12/2018 22:42:13] 192.168.0.108
[20/12/2018 22:42:13] Ky75Ad;A002
[20/12/2018 22:42:13] K000
[20/12/2018 22:42:13] Kill System
[20/12/2018 22:42:43] Client Connected:
[20/12/2018 22:42:43] 192.168.0.108
[20/12/2018 22:42:44] Ky75Ad;A002
[20/12/2018 22:42:44] K000
[20/12/2018 22:42:44] Kill System
[20/12/2018 22:43:14] Client Connected:
[20/12/2018 22:43:14] 192.168.0.108
[20/12/2018 22:43:14] Ky75Ad;A002
[20/12/2018 22:43:14] K000
[20/12/2018 22:43:14] Kill System
[20/12/2018 22:43:44] Client Connected:
[20/12/2018 22:43:44] 192.168.0.108
[20/12/2018 22:43:44] Ky75Ad;A002
[20/12/2018 22:43:44] K000
[20/12/2018 22:43:44] Kill System
[20/12/2018 22:44:14] Client Connected:
[20/12/2018 22:44:14] 192.168.0.108
[20/12/2018 22:44:14] Ky75Ad;A002
[20/12/2018 22:44:14] K000
[20/12/2018 22:44:14] Kill System
[20/12/2018 22:44:44] Client Connected:
[20/12/2018 22:44:44] 192.168.0.108
[20/12/2018 22:44:44] Ky75Ad;A002
[20/12/2018 22:44:45] K000
[20/12/2018 22:44:45] Kill System
[20/12/2018 22:45:14] Client Connected:
[20/12/2018 22:45:14] 192.168.0.108
[20/12/2018 22:45:15] Ky75Ad;A002
[20/12/2018 22:45:15] K000
[20/12/2018 22:45:15] Kill System
[20/12/2018 22:45:45] Client Connected:
[20/12/2018 22:45:45] 192.168.0.108
[20/12/2018 22:45:45] Ky75Ad;A002
[20/12/2018 22:45:45] K000
[20/12/2018 22:45:45] Kill System
[20/12/2018 22:46:15] Client Connected:
[20/12/2018 22:46:15] 192.168.0.108
[20/12/2018 22:46:15] Ky75Ad;A002
[20/12/2018 22:46:15] K000
[20/12/2018 22:46:15] Kill System
[20/12/2018 22:46:45] Client Connected:
[20/12/2018 22:46:45] 192.168.0.108
[20/12/2018 22:46:45] Ky75Ad;A002
[20/12/2018 22:46:45] K000
[20/12/2018 22:46:45] Kill System
[20/12/2018 22:47:15] Client Connected:
[20/12/2018 22:47:15] 192.168.0.108
[20/12/2018 22:47:16] Ky75Ad;A002
[20/12/2018 22:47:16] K000
[20/12/2018 22:47:16] Kill System
[20/12/2018 22:49:40] Client Connected:
[20/12/2018 22:49:40] 192.168.0.108
[20/12/2018 22:49:40] Ky75Ad;A002
[20/12/2018 22:49:41] K000
[20/12/2018 22:49:41] Kill System
[20/12/2018 22:52:00] Client Connected:
[20/12/2018 22:52:00] 192.168.0.108
[20/12/2018 22:52:01] Ky75Ad;A002
[20/12/2018 22:52:01] K000
[20/12/2018 22:52:01] Kill System
[20/12/2018 22:54:21] Client Connected:
[20/12/2018 22:54:21] 192.168.0.108
[20/12/2018 22:54:21] Ky75Ad;A002
[20/12/2018 22:54:21] K000
[20/12/2018 22:54:21] Kill System
[20/12/2018 22:56:41] Client Connected:
[20/12/2018 22:56:41] 192.168.0.108
[20/12/2018 22:56:41] Ky75Ad;A002
[20/12/2018 22:56:41] K000
[20/12/2018 22:56:41] Kill System
[20/12/2018 22:59:01] Client Connected:
[20/12/2018 22:59:01] 192.168.0.108
[20/12/2018 22:59:01] Ky75Ad;A002
[20/12/2018 22:59:01] K000
[20/12/2018 22:59:01] Kill System
[20/12/2018 23:01:21] Client Connected:
[20/12/2018 23:01:21] 192.168.0.108
[20/12/2018 23:01:22] Ky75Ad;A002
[20/12/2018 23:01:22] K000
[20/12/2018 23:01:22] Kill System
[20/12/2018 23:03:42] Client Connected:
[20/12/2018 23:03:42] 192.168.0.108
[20/12/2018 23:03:42] Ky75Ad;A002
[20/12/2018 23:03:42] K000
[20/12/2018 23:03:42] Kill System
[20/12/2018 23:06:02] Client Connected:
[20/12/2018 23:06:02] 192.168.0.108
[20/12/2018 23:06:02] Ky75Ad;A002
[20/12/2018 23:06:02] K000
[20/12/2018 23:06:02] Kill System
[20/12/2018 23:08:22] Client Connected:
[20/12/2018 23:08:22] 192.168.0.108
[20/12/2018 23:08:22] Ky75Ad;A002
[20/12/2018 23:08:22] K000
[20/12/2018 23:08:22] Kill System
[20/12/2018 23:10:42] Client Connected:
[20/12/2018 23:10:42] 192.168.0.108
[20/12/2018 23:10:42] Ky75Ad;A002
[20/12/2018 23:10:42] K000
[20/12/2018 23:10:42] Kill System
[20/12/2018 23:13:02] Client Connected:
[20/12/2018 23:13:02] 192.168.0.108
[20/12/2018 23:13:03] Ky75Ad;A002
[20/12/2018 23:13:03] K000
[20/12/2018 23:13:03] Kill System
[20/12/2018 23:15:23] Client Connected:
[20/12/2018 23:15:23] 192.168.0.108
[20/12/2018 23:15:23] Ky75Ad;A002
[20/12/2018 23:15:23] K000
[20/12/2018 23:15:23] Kill System
[20/12/2018 23:17:43] Client Connected:
[20/12/2018 23:17:43] 192.168.0.108
[20/12/2018 23:17:43] Ky75Ad;A002
[20/12/2018 23:17:43] K000
[20/12/2018 23:17:43] Kill System
[20/12/2018 23:20:03] Client Connected:
[20/12/2018 23:20:03] 192.168.0.108
[20/12/2018 23:20:03] Ky75Ad;A002
[20/12/2018 23:20:03] K000
[20/12/2018 23:20:03] Kill System
[20/12/2018 23:22:23] Client Connected:
[20/12/2018 23:22:23] 192.168.0.108
[20/12/2018 23:22:23] Ky75Ad;A002
[20/12/2018 23:22:24] K000
[20/12/2018 23:22:24] Kill System
[20/12/2018 23:24:43] Client Connected:
[20/12/2018 23:24:43] 192.168.0.108
[20/12/2018 23:24:44] Ky75Ad;A002
[20/12/2018 23:24:44] K000
[20/12/2018 23:24:44] Kill System
[20/12/2018 23:27:04] Client Connected:
[20/12/2018 23:27:04] 192.168.0.108
[20/12/2018 23:27:04] Ky75Ad;A002
[20/12/2018 23:27:04] K000
[20/12/2018 23:27:04] Kill System
[20/12/2018 23:29:24] Client Connected:
[20/12/2018 23:29:24] 192.168.0.108
[20/12/2018 23:29:24] Ky75Ad;A002
[20/12/2018 23:29:24] K000
[20/12/2018 23:29:24] Kill System
[20/12/2018 23:31:44] Client Connected:
[20/12/2018 23:31:44] 192.168.0.108
[20/12/2018 23:31:44] Ky75Ad;A002
[20/12/2018 23:31:44] K000
[20/12/2018 23:31:44] Kill System
[20/12/2018 23:34:04] Client Connected:
[20/12/2018 23:34:04] 192.168.0.108
[20/12/2018 23:34:04] Ky75Ad;A002
[20/12/2018 23:34:05] K000
[20/12/2018 23:34:05] Kill System
[21/12/2018 00:17:30] Client Connected:
[21/12/2018 00:17:30] 192.168.0.108
[21/12/2018 00:17:30] Ky75Ad;A002
[21/12/2018 00:17:31] K000
[21/12/2018 00:17:31] Kill System
[21/12/2018 00:18:11] Client Connected:
[21/12/2018 00:18:11] 192.168.0.108
[21/12/2018 00:18:11] Ky75Ad;A002
[21/12/2018 00:18:11] K000
[21/12/2018 00:18:11] Kill System
[21/12/2018 00:20:31] Client Connected:
[21/12/2018 00:20:31] 192.168.0.108
[21/12/2018 00:20:31] Ky75Ad;A002
[21/12/2018 00:20:31] K000
[21/12/2018 00:20:31] Kill System
[21/12/2018 00:22:51] Client Connected:
[21/12/2018 00:22:51] 192.168.0.108
[21/12/2018 00:22:52] Ky75Ad;A002
[21/12/2018 00:22:52] K000
[21/12/2018 00:22:52] Kill System
[21/12/2018 00:25:12] Client Connected:
[21/12/2018 00:25:12] 192.168.0.108
[21/12/2018 00:25:12] Ky75Ad;A002
[21/12/2018 00:25:12] K000
[21/12/2018 00:25:12] Kill System
[21/12/2018 00:27:32] Client Connected:
[21/12/2018 00:27:32] 192.168.0.108
[21/12/2018 00:27:32] Ky75Ad;A002
[21/12/2018 00:27:32] K000
[21/12/2018 00:27:32] Kill System
[21/12/2018 00:29:52] Client Connected:
[21/12/2018 00:29:52] 192.168.0.108
[21/12/2018 00:29:52] Ky75Ad;A002
[21/12/2018 00:29:52] K000
[21/12/2018 00:29:52] Kill System
[21/12/2018 00:32:12] Client Connected:
[21/12/2018 00:32:12] 192.168.0.108
[21/12/2018 00:32:12] Ky75Ad;A002
[21/12/2018 00:32:13] K000
[21/12/2018 00:32:13] Kill System
[21/12/2018 00:34:33] Client Connected:
[21/12/2018 00:34:33] 192.168.0.108
[21/12/2018 00:34:33] Ky75Ad;A002
[21/12/2018 00:34:33] K000
[21/12/2018 00:34:33] Kill System
[21/12/2018 00:36:53] Client Connected:
[21/12/2018 00:36:53] 192.168.0.108
[21/12/2018 00:36:53] Ky75Ad;A002
[21/12/2018 00:36:53] K000
[21/12/2018 00:36:53] Kill System
[21/12/2018 00:39:13] Client Connected:
[21/12/2018 00:39:13] 192.168.0.108
[21/12/2018 00:39:13] Ky75Ad;A002
[21/12/2018 00:39:13] K000
[21/12/2018 00:39:13] Kill System
[21/12/2018 00:41:33] Client Connected:
[21/12/2018 00:41:33] 192.168.0.108
[21/12/2018 00:41:33] Ky75Ad;A002
[21/12/2018 00:41:34] K000
[21/12/2018 00:41:34] Kill System
[21/12/2018 00:43:53] Client Connected:
[21/12/2018 00:43:53] 192.168.0.108
[21/12/2018 00:43:54] Ky75Ad;A002
[21/12/2018 00:43:54] K000
[21/12/2018 00:43:54] Kill System
[21/12/2018 00:46:14] Client Connected:
[21/12/2018 00:46:14] 192.168.0.108
[21/12/2018 00:46:14] Ky75Ad;A002
[21/12/2018 00:46:14] K000
[21/12/2018 00:46:14] Kill System
[21/12/2018 00:48:34] Client Connected:
[21/12/2018 00:48:34] 192.168.0.108
[21/12/2018 00:48:34] Ky75Ad;A002
[21/12/2018 00:48:34] K000
[21/12/2018 00:48:34] Kill System
[21/12/2018 00:50:54] Client Connected:
[21/12/2018 00:50:54] 192.168.0.108
[21/12/2018 00:50:54] Ky75Ad;A002
[21/12/2018 00:50:54] K000
[21/12/2018 00:50:54] Kill System
[21/12/2018 00:53:14] Client Connected:
[21/12/2018 00:53:14] 192.168.0.108
[21/12/2018 00:53:14] Ky75Ad;A002
[21/12/2018 00:53:15] K000
[21/12/2018 00:53:15] Kill System
[21/12/2018 00:55:35] Client Connected:
[21/12/2018 00:55:35] 192.168.0.108
[21/12/2018 00:55:35] Ky75Ad;A002
[21/12/2018 00:55:35] K000
[21/12/2018 00:55:35] Kill System
[21/12/2018 00:57:55] Client Connected:
[21/12/2018 00:57:55] 192.168.0.108
[21/12/2018 00:57:55] Ky75Ad;A002
[21/12/2018 00:57:55] K000
[21/12/2018 00:57:55] Kill System
[21/12/2018 01:00:15] Client Connected:
[21/12/2018 01:00:15] 192.168.0.108
[21/12/2018 01:00:15] Ky75Ad;A002
[21/12/2018 01:00:15] K000
[21/12/2018 01:00:15] Kill System
[21/12/2018 01:02:35] Client Connected:
[21/12/2018 01:02:35] 192.168.0.108
[21/12/2018 01:02:35] Ky75Ad;A002
[21/12/2018 01:02:35] K000
[21/12/2018 01:02:35] Kill System
[22/12/2018 11:07:56] Start Bushido server
[22/12/2018 12:03:27] Start Bushido server
[22/12/2018 12:03:44] Client Connected:
[22/12/2018 12:03:44] 127.0.0.1
[22/12/2018 12:04:03] b'K000\n'
[22/12/2018 12:04:03] Error1
[22/12/2018 12:04:12] Start Bushido server
[22/12/2018 12:04:23] Client Connected:
[22/12/2018 12:04:23] 192.168.43.119
[22/12/2018 12:04:23] Ky75Ad;A002
[22/12/2018 12:04:24] K000
[22/12/2018 12:04:24] Kill System
[22/12/2018 12:18:57] Client Connected:
[22/12/2018 12:18:57] 192.168.43.119
[22/12/2018 12:18:57] Ky75Ad;A002
[22/12/2018 12:18:57] K000
[22/12/2018 12:18:57] Kill System
[22/12/2018 12:21:17] Client Connected:
[22/12/2018 12:21:17] 192.168.43.119
[22/12/2018 12:21:17] Ky75Ad;A002
[22/12/2018 12:21:17] K000
[22/12/2018 12:21:17] Kill System
[22/12/2018 12:23:37] Client Connected:
[22/12/2018 12:23:37] 192.168.43.119
[22/12/2018 12:23:37] Ky75Ad;A002
[22/12/2018 12:23:37] K000
[22/12/2018 12:23:37] Kill System
[22/12/2018 12:25:57] Client Connected:
[22/12/2018 12:25:57] 192.168.43.119
[22/12/2018 12:25:58] Ky75Ad;A002
[22/12/2018 12:25:58] K000
[22/12/2018 12:25:58] Kill System
[22/12/2018 12:28:18] Client Connected:
[22/12/2018 12:28:18] 192.168.43.119
[22/12/2018 12:28:18] Ky75Ad;A002
[22/12/2018 12:28:18] K000
[22/12/2018 12:28:18] Kill System
[22/12/2018 12:30:38] Client Connected:
[22/12/2018 12:30:38] 192.168.43.119
[22/12/2018 12:30:38] Ky75Ad;A002
[22/12/2018 12:30:38] K000
[22/12/2018 12:30:38] Kill System
[22/12/2018 12:32:58] Client Connected:
[22/12/2018 12:32:58] 192.168.43.119
[22/12/2018 12:32:58] Ky75Ad;A002
[22/12/2018 12:32:58] K000
[22/12/2018 12:32:58] Kill System
[22/12/2018 12:35:18] Client Connected:
[22/12/2018 12:35:18] 192.168.43.119
[22/12/2018 12:35:19] Ky75Ad;A002
[22/12/2018 12:35:19] K000
[22/12/2018 12:35:19] Kill System
[22/12/2018 12:37:39] Client Connected:
[22/12/2018 12:37:39] 192.168.43.119
[22/12/2018 12:37:39] Ky75Ad;A002
[22/12/2018 12:37:39] K000
[22/12/2018 12:37:39] Kill System
[22/12/2018 12:39:59] Client Connected:
[22/12/2018 12:39:59] 192.168.43.119
[22/12/2018 12:39:59] Ky75Ad;A002
[22/12/2018 12:39:59] K000
[22/12/2018 12:39:59] Kill System
[22/12/2018 12:42:19] Client Connected:
[22/12/2018 12:42:19] 192.168.43.119
[22/12/2018 12:42:19] Ky75Ad;A002
[22/12/2018 12:42:19] K000
[22/12/2018 12:42:19] Kill System
[22/12/2018 12:44:39] Client Connected:
[22/12/2018 12:44:39] 192.168.43.119
[22/12/2018 12:44:39] Ky75Ad;A002
[22/12/2018 12:44:40] K000
[22/12/2018 12:44:40] Kill System
[22/12/2018 12:46:59] Client Connected:
[22/12/2018 12:46:59] 192.168.43.119
[22/12/2018 12:47:00] Ky75Ad;A002
[22/12/2018 12:47:00] K000
[22/12/2018 12:47:00] Kill System
[22/12/2018 12:49:20] Client Connected:
[22/12/2018 12:49:20] 192.168.43.119
[22/12/2018 12:49:20] Ky75Ad;A002
[22/12/2018 12:49:20] K000
[22/12/2018 12:49:20] Kill System
[22/12/2018 12:51:40] Client Connected:
[22/12/2018 12:51:40] 192.168.43.119
[22/12/2018 12:51:40] Ky75Ad;A002
[22/12/2018 12:51:40] K000
[22/12/2018 12:51:40] Kill System
[22/12/2018 12:54:00] Client Connected:
[22/12/2018 12:54:00] 192.168.43.119
[22/12/2018 12:54:00] Ky75Ad;A002
[22/12/2018 12:54:01] K000
[22/12/2018 12:54:01] Kill System
[22/12/2018 12:56:20] Client Connected:
[22/12/2018 12:56:20] 192.168.43.119
[22/12/2018 12:56:21] Ky75Ad;A002
[22/12/2018 12:56:21] K000
[22/12/2018 12:56:21] Kill System
[22/12/2018 12:58:41] Client Connected:
[22/12/2018 12:58:41] 192.168.43.119
[22/12/2018 12:58:41] Ky75Ad;A002
[22/12/2018 12:58:41] K000
[22/12/2018 12:58:41] Kill System
[22/12/2018 13:01:01] Client Connected:
[22/12/2018 13:01:01] 192.168.43.119
[22/12/2018 13:01:01] Ky75Ad;A002
[22/12/2018 13:01:01] K000
[22/12/2018 13:01:01] Kill System
[22/12/2018 13:03:21] Client Connected:
[22/12/2018 13:03:21] 192.168.43.119
[22/12/2018 13:03:21] Ky75Ad;A002
[22/12/2018 13:03:21] K000
[22/12/2018 13:03:21] Kill System
[22/12/2018 13:05:41] Client Connected:
[22/12/2018 13:05:41] 192.168.43.119
[22/12/2018 13:05:42] Ky75Ad;A002
[22/12/2018 13:05:42] K000
[22/12/2018 13:05:42] Kill System
[22/12/2018 13:08:02] Client Connected:
[22/12/2018 13:08:02] 192.168.43.119
[22/12/2018 13:08:02] Ky75Ad;A002
[22/12/2018 13:08:02] K000
[22/12/2018 13:08:02] Kill System
[22/12/2018 13:10:22] Client Connected:
[22/12/2018 13:10:22] 192.168.43.119
[22/12/2018 13:10:22] Ky75Ad;A002
[22/12/2018 13:10:22] K000
[22/12/2018 13:10:22] Kill System
[22/12/2018 13:12:42] Client Connected:
[22/12/2018 13:12:42] 192.168.43.119
[22/12/2018 13:12:42] Ky75Ad;A002
[22/12/2018 13:12:42] K000
[22/12/2018 13:12:42] Kill System
[22/12/2018 13:15:02] Client Connected:
[22/12/2018 13:15:02] 192.168.43.119
[22/12/2018 13:15:03] Ky75Ad;A002
[22/12/2018 13:15:03] K000
[22/12/2018 13:15:03] Kill System
[22/12/2018 13:17:23] Client Connected:
[22/12/2018 13:17:23] 192.168.43.119
[22/12/2018 13:17:23] Ky75Ad;A002
[22/12/2018 13:17:23] K000
[22/12/2018 13:17:23] Kill System
[22/12/2018 13:19:43] Client Connected:
[22/12/2018 13:19:43] 192.168.43.119
[22/12/2018 13:19:43] Ky75Ad;A002
[22/12/2018 13:19:43] K000
[22/12/2018 13:19:43] Kill System
[22/12/2018 13:22:03] Client Connected:
[22/12/2018 13:22:03] 192.168.43.119
[22/12/2018 13:22:03] Ky75Ad;A002
[22/12/2018 13:22:03] K000
[22/12/2018 13:22:03] Kill System
[22/12/2018 13:24:23] Client Connected:
[22/12/2018 13:24:23] 192.168.43.119
[22/12/2018 13:24:23] Ky75Ad;A002
[22/12/2018 13:24:24] K000
[22/12/2018 13:24:24] Kill System
[22/12/2018 13:26:43] Client Connected:
[22/12/2018 13:26:43] 192.168.43.119
[22/12/2018 13:26:44] Ky75Ad;A002
[22/12/2018 13:26:44] K000
[22/12/2018 13:26:44] Kill System
[22/12/2018 13:29:04] Client Connected:
[22/12/2018 13:29:04] 192.168.43.119
[22/12/2018 13:29:04] Ky75Ad;A002
[22/12/2018 13:29:04] K000
[22/12/2018 13:29:04] Kill System
[22/12/2018 13:31:24] Client Connected:
[22/12/2018 13:31:24] 192.168.43.119
[22/12/2018 13:31:24] Ky75Ad;A002
[22/12/2018 13:31:24] K000
[22/12/2018 13:31:24] Kill System
[22/12/2018 13:33:44] Client Connected:
[22/12/2018 13:33:44] 192.168.43.119
[22/12/2018 13:33:44] Ky75Ad;A002
[22/12/2018 13:33:44] K000
[22/12/2018 13:33:44] Kill System
[22/12/2018 13:36:04] Client Connected:
[22/12/2018 13:36:04] 192.168.43.119
[22/12/2018 13:36:05] Ky75Ad;A002
[22/12/2018 13:36:05] K000
[22/12/2018 13:36:05] Kill System
[22/12/2018 13:39:04] Client Connected:
[22/12/2018 13:39:04] 192.168.43.119
[22/12/2018 13:39:04] Ky75Ad;A002
[22/12/2018 13:39:04] K000
[22/12/2018 13:39:04] Kill System
[22/12/2018 20:25:47] Start Bushido server
[22/12/2018 20:27:33] Client Connected:
[22/12/2018 20:27:33] 192.168.43.119
[22/12/2018 20:27:33] Ky75Ad;A002
[22/12/2018 20:27:33] K000
[22/12/2018 20:27:33] Kill System
[22/12/2018 20:29:53] Client Connected:
[22/12/2018 20:29:53] 192.168.43.119
[22/12/2018 20:29:54] Ky75Ad;A002
[22/12/2018 20:29:54] K000
[22/12/2018 20:29:54] Kill System
[22/12/2018 20:32:14] Client Connected:
[22/12/2018 20:32:14] 192.168.43.119
[22/12/2018 20:32:14] Ky75Ad;A002
[22/12/2018 20:32:14] K000
[22/12/2018 20:32:14] Kill System
[22/12/2018 20:34:34] Client Connected:
[22/12/2018 20:34:34] 192.168.43.119
[22/12/2018 20:34:34] Ky75Ad;A002
[22/12/2018 20:34:34] K000
[22/12/2018 20:34:34] Kill System
[22/12/2018 20:36:54] Client Connected:
[22/12/2018 20:36:54] 192.168.43.119
[22/12/2018 20:36:54] Ky75Ad;A002
[22/12/2018 20:36:54] K000
[22/12/2018 20:36:54] Kill System
[22/12/2018 20:39:14] Client Connected:
[22/12/2018 20:39:14] 192.168.43.119
[22/12/2018 20:39:15] Ky75Ad;A002
[22/12/2018 20:39:15] K000
[22/12/2018 20:39:15] Kill System
[22/12/2018 20:41:35] Client Connected:
[22/12/2018 20:41:35] 192.168.43.119
[22/12/2018 20:41:35] Ky75Ad;A002
[22/12/2018 20:41:35] K000
[22/12/2018 20:41:35] Kill System
[22/12/2018 20:43:55] Client Connected:
[22/12/2018 20:43:55] 192.168.43.119
[22/12/2018 20:43:55] Ky75Ad;A002
[22/12/2018 20:43:55] K000
[22/12/2018 20:43:55] Kill System
[22/12/2018 20:46:15] Client Connected:
[22/12/2018 20:46:15] 192.168.43.119
[22/12/2018 20:46:15] Ky75Ad;A002
[22/12/2018 20:46:15] K000
[22/12/2018 20:46:15] Kill System
[22/12/2018 20:48:35] Client Connected:
[22/12/2018 20:48:35] 192.168.43.119
[22/12/2018 20:48:36] Ky75Ad;A002
[22/12/2018 20:48:36] K000
[22/12/2018 20:48:36] Kill System
[22/12/2018 20:50:56] Client Connected:
[22/12/2018 20:50:56] 192.168.43.119
[22/12/2018 20:50:56] Ky75Ad;A002
[22/12/2018 20:50:56] K000
[22/12/2018 20:50:56] Kill System
[22/12/2018 20:53:16] Client Connected:
[22/12/2018 20:53:16] 192.168.43.119
[22/12/2018 20:53:16] Ky75Ad;A002
[22/12/2018 20:53:16] K000
[22/12/2018 20:53:16] Kill System
[22/12/2018 20:55:36] Client Connected:
[22/12/2018 20:55:36] 192.168.43.119
[22/12/2018 20:55:36] Ky75Ad;A002
[22/12/2018 20:55:36] K000
[22/12/2018 20:55:36] Kill System
[22/12/2018 20:57:56] Client Connected:
[22/12/2018 20:57:56] 192.168.43.119
[22/12/2018 20:57:56] Ky75Ad;A002
[22/12/2018 20:57:57] K000
[22/12/2018 20:57:57] Kill System
[22/12/2018 21:00:17] Client Connected:
[22/12/2018 21:00:17] 192.168.43.119
[22/12/2018 21:00:17] Ky75Ad;A002
[22/12/2018 21:00:17] K000
[22/12/2018 21:00:17] Kill System
[22/12/2018 21:02:37] Client Connected:
[22/12/2018 21:02:37] 192.168.43.119
[22/12/2018 21:02:37] Ky75Ad;A002
[22/12/2018 21:02:37] K000
[22/12/2018 21:02:37] Kill System
[22/12/2018 21:04:57] Client Connected:
[22/12/2018 21:04:57] 192.168.43.119
[22/12/2018 21:04:57] Ky75Ad;A002
[22/12/2018 21:04:57] K000
[22/12/2018 21:04:57] Kill System
[22/12/2018 21:07:17] Client Connected:
[22/12/2018 21:07:17] 192.168.43.119
[22/12/2018 21:07:17] Ky75Ad;A002
[22/12/2018 21:07:18] K000
[22/12/2018 21:07:18] Kill System
[22/12/2018 21:09:37] Client Connected:
[22/12/2018 21:09:37] 192.168.43.119
[22/12/2018 21:09:38] Ky75Ad;A002
[22/12/2018 21:09:38] K000
[22/12/2018 21:09:38] Kill System
[22/12/2018 21:11:58] Client Connected:
[22/12/2018 21:11:58] 192.168.43.119
[22/12/2018 21:11:58] Ky75Ad;A002
[22/12/2018 21:11:58] K000
[22/12/2018 21:11:58] Kill System
[22/12/2018 21:14:18] Client Connected:
[22/12/2018 21:14:18] 192.168.43.119
[22/12/2018 21:14:18] Ky75Ad;A002
[22/12/2018 21:14:18] K000
[22/12/2018 21:14:18] Kill System
[22/12/2018 21:16:38] Client Connected:
[22/12/2018 21:16:38] 192.168.43.119
[22/12/2018 21:16:38] Ky75Ad;A002
[22/12/2018 21:16:38] K000
[22/12/2018 21:16:38] Kill System
[22/12/2018 21:18:58] Client Connected:
[22/12/2018 21:18:58] 192.168.43.119
[22/12/2018 21:18:59] Ky75Ad;A002
[22/12/2018 21:18:59] K000
[22/12/2018 21:18:59] Kill System
[22/12/2018 21:21:19] Client Connected:
[22/12/2018 21:21:19] 192.168.43.119
[22/12/2018 21:21:19] Ky75Ad;A002
[22/12/2018 21:21:19] K000
[22/12/2018 21:21:19] Kill System
[22/12/2018 21:23:39] Client Connected:
[22/12/2018 21:23:39] 192.168.43.119
[22/12/2018 21:23:39] Ky75Ad;A002
[22/12/2018 21:23:39] K000
[22/12/2018 21:23:39] Kill System
[22/12/2018 21:25:59] Client Connected:
[22/12/2018 21:25:59] 192.168.43.119
[22/12/2018 21:25:59] Ky75Ad;A002
[22/12/2018 21:25:59] K000
[22/12/2018 21:25:59] Kill System
[22/12/2018 21:28:19] Client Connected:
[22/12/2018 21:28:19] 192.168.43.119
[22/12/2018 21:28:20] Ky75Ad;A002
[22/12/2018 21:28:20] K000
[22/12/2018 21:28:20] Kill System
[22/12/2018 21:30:40] Client Connected:
[22/12/2018 21:30:40] 192.168.43.119
[22/12/2018 21:30:40] Ky75Ad;A002
[22/12/2018 21:30:40] K000
[22/12/2018 21:30:40] Kill System
[22/12/2018 21:33:00] Client Connected:
[22/12/2018 21:33:00] 192.168.43.119
[22/12/2018 21:33:00] Ky75Ad;A002
[22/12/2018 21:33:00] K000
[22/12/2018 21:33:00] Kill System
[22/12/2018 21:35:20] Client Connected:
[22/12/2018 21:35:20] 192.168.43.119
[22/12/2018 21:35:20] Ky75Ad;A002
[22/12/2018 21:35:20] K000
[22/12/2018 21:35:20] Kill System
[22/12/2018 21:37:40] Client Connected:
[22/12/2018 21:37:40] 192.168.43.119
[22/12/2018 21:37:41] Ky75Ad;A002
[22/12/2018 21:37:41] K000
[22/12/2018 21:37:41] Kill System
[22/12/2018 21:40:01] Client Connected:
[22/12/2018 21:40:01] 192.168.43.119
[22/12/2018 21:40:01] Ky75Ad;A002
[22/12/2018 21:40:01] K000
[22/12/2018 21:40:01] Kill System
[22/12/2018 21:42:21] Client Connected:
[22/12/2018 21:42:21] 192.168.43.119
[22/12/2018 21:42:21] Ky75Ad;A002
[22/12/2018 21:42:21] K000
[22/12/2018 21:42:21] Kill System
[22/12/2018 21:44:41] Client Connected:
[22/12/2018 21:44:41] 192.168.43.119
[22/12/2018 21:44:41] Ky75Ad;A002
[22/12/2018 21:44:41] K000
[22/12/2018 21:44:41] Kill System
[22/12/2018 21:47:01] Client Connected:
[22/12/2018 21:47:01] 192.168.43.119
[22/12/2018 21:47:02] Ky75Ad;A002
[22/12/2018 21:47:02] K000
[22/12/2018 21:47:02] Kill System
[22/12/2018 21:49:22] Client Connected:
[22/12/2018 21:49:22] 192.168.43.119
[22/12/2018 21:49:22] Ky75Ad;A002
[22/12/2018 21:49:22] K000
[22/12/2018 21:49:22] Kill System
[22/12/2018 21:51:42] Client Connected:
[22/12/2018 21:51:42] 192.168.43.119
[22/12/2018 21:51:42] Ky75Ad;A002
[22/12/2018 21:51:42] K000
[22/12/2018 21:51:42] Kill System
[22/12/2018 21:54:02] Client Connected:
[22/12/2018 21:54:02] 192.168.43.119
[22/12/2018 21:54:02] Ky75Ad;A002
[22/12/2018 21:54:02] K000
[22/12/2018 21:54:02] Kill System
[23/12/2018 10:27:16] Start Bushido server
[23/12/2018 10:29:29] Client Connected:
[23/12/2018 10:29:29] 192.168.43.119
[23/12/2018 10:29:30] Ky75Ad;A002
[23/12/2018 10:29:30] K000
[23/12/2018 10:29:30] Kill System
[23/12/2018 10:31:50] Client Connected:
[23/12/2018 10:31:50] 192.168.43.119
[23/12/2018 10:31:51] Ky75Ad;A002
[23/12/2018 10:31:51] K000
[23/12/2018 10:31:51] Kill System
[23/12/2018 10:34:11] Client Connected:
[23/12/2018 10:34:11] 192.168.43.119
[23/12/2018 10:34:11] Ky75Ad;A002
[23/12/2018 10:34:11] K000
[23/12/2018 10:34:11] Kill System
[23/12/2018 10:36:31] Client Connected:
[23/12/2018 10:36:31] 192.168.43.119
[23/12/2018 10:36:31] Ky75Ad;A002
[23/12/2018 10:36:31] K000
[23/12/2018 10:36:31] Kill System
[23/12/2018 10:38:51] Client Connected:
[23/12/2018 10:38:51] 192.168.43.119
[23/12/2018 10:38:51] Ky75Ad;A002
[23/12/2018 10:38:51] K000
[23/12/2018 10:38:51] Kill System
[23/12/2018 10:41:11] Client Connected:
[23/12/2018 10:41:11] 192.168.43.119
[23/12/2018 10:41:12] Ky75Ad;A002
[23/12/2018 10:41:12] K000
[23/12/2018 10:41:12] Kill System
[23/12/2018 10:43:32] Client Connected:
[23/12/2018 10:43:32] 192.168.43.119
[23/12/2018 10:43:32] Ky75Ad;A002
[23/12/2018 10:43:32] K000
[23/12/2018 10:43:32] Kill System
[23/12/2018 10:45:52] Client Connected:
[23/12/2018 10:45:52] 192.168.43.119
[23/12/2018 10:45:52] Ky75Ad;A002
[23/12/2018 10:45:52] K000
[23/12/2018 10:45:52] Kill System
[23/12/2018 10:48:12] Client Connected:
[23/12/2018 10:48:12] 192.168.43.119
[23/12/2018 10:48:12] Ky75Ad;A002
[23/12/2018 10:48:12] K000
[23/12/2018 10:48:12] Kill System
[23/12/2018 10:50:32] Client Connected:
[23/12/2018 10:50:32] 192.168.43.119
[23/12/2018 10:50:32] Ky75Ad;A002
[23/12/2018 10:50:33] K000
[23/12/2018 10:50:33] Kill System
[23/12/2018 10:52:52] Client Connected:
[23/12/2018 10:52:52] 192.168.43.119
[23/12/2018 10:52:53] Ky75Ad;A002
[23/12/2018 10:52:53] K000
[23/12/2018 10:52:53] Kill System
[23/12/2018 10:55:13] Client Connected:
[23/12/2018 10:55:13] 192.168.43.119
[23/12/2018 10:55:13] Ky75Ad;A002
[23/12/2018 10:55:13] K000
[23/12/2018 10:55:13] Kill System
[23/12/2018 10:57:33] Client Connected:
[23/12/2018 10:57:33] 192.168.43.119
[23/12/2018 10:57:33] Ky75Ad;A002
[23/12/2018 10:57:33] K000
[23/12/2018 10:57:33] Kill System
[23/12/2018 10:59:53] Client Connected:
[23/12/2018 10:59:53] 192.168.43.119
[23/12/2018 10:59:53] Ky75Ad;A002
[23/12/2018 10:59:53] K000
[23/12/2018 10:59:53] Kill System
[23/12/2018 11:02:13] Client Connected:
[23/12/2018 11:02:13] 192.168.43.119
[23/12/2018 11:02:14] Ky75Ad;A002
[23/12/2018 11:02:14] K000
[23/12/2018 11:02:14] Kill System
[23/12/2018 11:04:34] Client Connected:
[23/12/2018 11:04:34] 192.168.43.119
[23/12/2018 11:04:34] Ky75Ad;A002
[23/12/2018 11:04:34] K000
[23/12/2018 11:04:34] Kill System
[23/12/2018 11:06:54] Client Connected:
[23/12/2018 11:06:54] 192.168.43.119
[23/12/2018 11:06:54] Ky75Ad;A002
[23/12/2018 11:06:54] K000
[23/12/2018 11:06:54] Kill System
[23/12/2018 11:09:14] Client Connected:
[23/12/2018 11:09:14] 192.168.43.119
[23/12/2018 11:09:14] Ky75Ad;A002
[23/12/2018 11:09:14] K000
[23/12/2018 11:09:14] Kill System
[23/12/2018 11:11:34] Client Connected:
[23/12/2018 11:11:34] 192.168.43.119
[23/12/2018 11:11:34] Ky75Ad;A002
[23/12/2018 11:11:35] K000
[23/12/2018 11:11:35] Kill System
[23/12/2018 11:13:54] Client Connected:
[23/12/2018 11:13:54] 192.168.43.119
[23/12/2018 11:13:55] Ky75Ad;A002
[23/12/2018 11:13:55] K000
[23/12/2018 11:13:55] Kill System
[23/12/2018 11:16:15] Client Connected:
[23/12/2018 11:16:15] 192.168.43.119
[23/12/2018 11:16:15] Ky75Ad;A002
[23/12/2018 11:16:15] K000
[23/12/2018 11:16:15] Kill System
[23/12/2018 11:18:35] Client Connected:
[23/12/2018 11:18:35] 192.168.43.119
[23/12/2018 11:18:35] Ky75Ad;A002
[23/12/2018 11:18:35] K000
[23/12/2018 11:18:35] Kill System
[23/12/2018 11:20:55] Client Connected:
[23/12/2018 11:20:55] 192.168.43.119
[23/12/2018 11:20:55] Ky75Ad;A002
[23/12/2018 11:20:56] K000
[23/12/2018 11:20:56] Kill System
[23/12/2018 11:23:15] Client Connected:
[23/12/2018 11:23:15] 192.168.43.119
[23/12/2018 11:23:16] Ky75Ad;A002
[23/12/2018 11:23:16] K000
[23/12/2018 11:23:16] Kill System
[23/12/2018 11:25:36] Client Connected:
[23/12/2018 11:25:36] 192.168.43.119
[23/12/2018 11:25:36] Ky75Ad;A002
[23/12/2018 11:25:36] K000
[23/12/2018 11:25:36] Kill System
[23/12/2018 11:27:56] Client Connected:
[23/12/2018 11:27:56] 192.168.43.119
[23/12/2018 11:27:56] Ky75Ad;A002
[23/12/2018 11:27:56] K000
[23/12/2018 11:27:56] Kill System
[23/12/2018 11:30:16] Client Connected:
[23/12/2018 11:30:16] 192.168.43.119
[23/12/2018 11:30:16] Ky75Ad;A002
[23/12/2018 11:30:16] K000
[23/12/2018 11:30:16] Kill System
[23/12/2018 11:32:36] Client Connected:
[23/12/2018 11:32:36] 192.168.43.119
[23/12/2018 11:32:37] Ky75Ad;A002
[23/12/2018 11:32:37] K000
[23/12/2018 11:32:37] Kill System
[23/12/2018 11:34:57] Client Connected:
[23/12/2018 11:34:57] 192.168.43.119
[23/12/2018 11:34:57] Ky75Ad;A002
[23/12/2018 11:34:57] K000
[23/12/2018 11:34:57] Kill System
[23/12/2018 11:37:17] Client Connected:
[23/12/2018 11:37:17] 192.168.43.119
[23/12/2018 11:37:17] Ky75Ad;A002
[23/12/2018 11:37:17] K000
[23/12/2018 11:37:17] Kill System
[23/12/2018 11:39:37] Client Connected:
[23/12/2018 11:39:37] 192.168.43.119
[23/12/2018 11:39:37] Ky75Ad;A002
[23/12/2018 11:39:37] K000
[23/12/2018 11:39:37] Kill System
[23/12/2018 11:41:57] Client Connected:
[23/12/2018 11:41:57] 192.168.43.119
[23/12/2018 11:41:58] Ky75Ad;A002
[23/12/2018 11:41:58] K000
[23/12/2018 11:41:58] Kill System
[23/12/2018 11:44:18] Client Connected:
[23/12/2018 11:44:18] 192.168.43.119
[23/12/2018 11:44:18] Ky75Ad;A002
[23/12/2018 11:44:18] K000
[23/12/2018 11:44:18] Kill System
[23/12/2018 11:46:38] Client Connected:
[23/12/2018 11:46:38] 192.168.43.119
[23/12/2018 11:46:38] Ky75Ad;A002
[23/12/2018 11:46:38] K000
[23/12/2018 11:46:38] Kill System
[23/12/2018 11:48:58] Client Connected:
[23/12/2018 11:48:58] 192.168.43.119
[23/12/2018 11:48:58] Ky75Ad;A002
[23/12/2018 11:48:58] K000
[23/12/2018 11:48:58] Kill System
[23/12/2018 11:51:18] Client Connected:
[23/12/2018 11:51:18] 192.168.43.119
[23/12/2018 11:51:19] Ky75Ad;A002
[23/12/2018 11:51:19] K000
[23/12/2018 11:51:19] Kill System
[23/12/2018 11:53:39] Client Connected:
[23/12/2018 11:53:39] 192.168.43.119
[23/12/2018 11:53:39] Ky75Ad;A002
[23/12/2018 11:53:39] K000
[23/12/2018 11:53:39] Kill System
[23/12/2018 11:55:59] Client Connected:
[23/12/2018 11:55:59] 192.168.43.119
[23/12/2018 11:55:59] Ky75Ad;A002
[23/12/2018 11:55:59] K000
[23/12/2018 11:55:59] Kill System
[23/12/2018 11:58:19] Client Connected:
[23/12/2018 11:58:19] 192.168.43.119
[23/12/2018 11:58:19] Ky75Ad;A002
[23/12/2018 11:58:19] K000
[23/12/2018 11:58:19] Kill System
[23/12/2018 12:00:39] Client Connected:
[23/12/2018 12:00:39] 192.168.43.119
[23/12/2018 12:00:39] Ky75Ad;A002
[23/12/2018 12:00:40] K000
[23/12/2018 12:00:40] Kill System
[23/12/2018 12:02:59] Client Connected:
[23/12/2018 12:02:59] 192.168.43.119
[23/12/2018 12:03:00] Ky75Ad;A002
[23/12/2018 12:03:00] K000
[23/12/2018 12:03:00] Kill System
[23/12/2018 12:05:20] Client Connected:
[23/12/2018 12:05:20] 192.168.43.119
[23/12/2018 12:05:20] Ky75Ad;A002
[23/12/2018 12:05:20] K000
[23/12/2018 12:05:20] Kill System
[23/12/2018 12:07:40] Client Connected:
[23/12/2018 12:07:40] 192.168.43.119
[23/12/2018 12:07:40] Ky75Ad;A002
[23/12/2018 12:07:40] K000
[23/12/2018 12:07:40] Kill System
[23/12/2018 12:10:00] Client Connected:
[23/12/2018 12:10:00] 192.168.43.119
[23/12/2018 12:10:00] Ky75Ad;A002
[23/12/2018 12:10:01] K000
[23/12/2018 12:10:01] Kill System
[23/12/2018 12:12:20] Client Connected:
[23/12/2018 12:12:20] 192.168.43.119
[23/12/2018 12:12:21] Ky75Ad;A002
[23/12/2018 12:12:21] K000
[23/12/2018 12:12:21] Kill System
[23/12/2018 12:14:41] Client Connected:
[23/12/2018 12:14:41] 192.168.43.119
[23/12/2018 12:14:41] Ky75Ad;A002
[23/12/2018 12:14:41] K000
[23/12/2018 12:14:41] Kill System
[23/12/2018 12:17:01] Client Connected:
[23/12/2018 12:17:01] 192.168.43.119
[23/12/2018 12:17:01] Ky75Ad;A002
[23/12/2018 12:17:01] K000
[23/12/2018 12:17:01] Kill System
[23/12/2018 12:19:21] Client Connected:
[23/12/2018 12:19:21] 192.168.43.119
[23/12/2018 12:19:21] Ky75Ad;A002
[23/12/2018 12:19:22] K000
[23/12/2018 12:19:22] Kill System
[23/12/2018 12:21:41] Client Connected:
[23/12/2018 12:21:41] 192.168.43.119
[23/12/2018 12:21:42] Ky75Ad;A002
[23/12/2018 12:21:42] K000
[23/12/2018 12:21:42] Kill System
[23/12/2018 12:24:02] Client Connected:
[23/12/2018 12:24:02] 192.168.43.119
[23/12/2018 12:24:02] Ky75Ad;A002
[23/12/2018 12:24:02] K000
[23/12/2018 12:24:02] Kill System
[23/12/2018 12:26:22] Client Connected:
[23/12/2018 12:26:22] 192.168.43.119
[23/12/2018 12:26:22] Ky75Ad;A002
[23/12/2018 12:26:22] K000
[23/12/2018 12:26:22] Kill System
[23/12/2018 12:28:42] Client Connected:
[23/12/2018 12:28:42] 192.168.43.119
[23/12/2018 12:28:42] Ky75Ad;A002
[23/12/2018 12:28:42] K000
[23/12/2018 12:28:42] Kill System
[23/12/2018 12:31:02] Client Connected:
[23/12/2018 12:31:02] 192.168.43.119
[23/12/2018 12:31:03] Ky75Ad;A002
[23/12/2018 12:31:03] K000
[23/12/2018 12:31:03] Kill System
[23/12/2018 12:33:23] Client Connected:
[23/12/2018 12:33:23] 192.168.43.119
[23/12/2018 12:33:23] Ky75Ad;A002
[23/12/2018 12:33:23] K000
[23/12/2018 12:33:23] Kill System
[23/12/2018 12:35:43] Client Connected:
[23/12/2018 12:35:43] 192.168.43.119
[23/12/2018 12:35:43] Ky75Ad;A002
[23/12/2018 12:35:43] K000
[23/12/2018 12:35:43] Kill System
[23/12/2018 12:38:03] Client Connected:
[23/12/2018 12:38:03] 192.168.43.119
[23/12/2018 12:38:03] Ky75Ad;A002
[23/12/2018 12:38:03] K000
[23/12/2018 12:38:03] Kill System
[23/12/2018 12:40:23] Client Connected:
[23/12/2018 12:40:23] 192.168.43.119
[23/12/2018 12:40:24] Ky75Ad;A002
[23/12/2018 12:40:24] K000
[23/12/2018 12:40:24] Kill System
[23/12/2018 12:42:44] Client Connected:
[23/12/2018 12:42:44] 192.168.43.119
[23/12/2018 12:42:44] Ky75Ad;A002
[23/12/2018 12:42:44] K000
[23/12/2018 12:42:44] Kill System
[23/12/2018 12:45:04] Client Connected:
[23/12/2018 12:45:04] 192.168.43.119
[23/12/2018 12:45:04] Ky75Ad;A002
[23/12/2018 12:45:04] K000
[23/12/2018 12:45:04] Kill System
[23/12/2018 12:47:24] Client Connected:
[23/12/2018 12:47:24] 192.168.43.119
[23/12/2018 12:47:24] Ky75Ad;A002
[23/12/2018 12:47:24] K000
[23/12/2018 12:47:24] Kill System
[23/12/2018 12:49:44] Client Connected:
[23/12/2018 12:49:44] 192.168.43.119
[23/12/2018 12:49:45] Ky75Ad;A002
[23/12/2018 12:49:45] K000
[23/12/2018 12:49:45] Kill System
[23/12/2018 12:52:05] Client Connected:
[23/12/2018 12:52:05] 192.168.43.119
[23/12/2018 12:52:05] Ky75Ad;A002
[23/12/2018 12:52:05] K000
[23/12/2018 12:52:05] Kill System
[23/12/2018 12:54:25] Client Connected:
[23/12/2018 12:54:25] 192.168.43.119
[23/12/2018 12:54:25] Ky75Ad;A002
[23/12/2018 12:54:25] K000
[23/12/2018 12:54:25] Kill System
[23/12/2018 12:56:45] Client Connected:
[23/12/2018 12:56:45] 192.168.43.119
[23/12/2018 12:56:45] Ky75Ad;A002
[23/12/2018 12:56:45] K000
[23/12/2018 12:56:45] Kill System
[23/12/2018 12:59:05] Client Connected:
[23/12/2018 12:59:05] 192.168.43.119
[23/12/2018 12:59:05] Ky75Ad;A002
[23/12/2018 12:59:06] K000
[23/12/2018 12:59:06] Kill System
[23/12/2018 13:01:25] Client Connected:
[23/12/2018 13:01:25] 192.168.43.119
[23/12/2018 13:01:26] Ky75Ad;A002
[23/12/2018 13:01:26] K000
[23/12/2018 13:01:26] Kill System
[23/12/2018 13:03:46] Client Connected:
[23/12/2018 13:03:46] 192.168.43.119
[23/12/2018 13:03:46] Ky75Ad;A002
[23/12/2018 13:03:46] K000
[23/12/2018 13:03:46] Kill System
[23/12/2018 13:06:06] Client Connected:
[23/12/2018 13:06:06] 192.168.43.119
[23/12/2018 13:06:06] Ky75Ad;A002
[23/12/2018 13:06:06] K000
[23/12/2018 13:06:06] Kill System
[23/12/2018 13:08:26] Client Connected:
[23/12/2018 13:08:26] 192.168.43.119
[23/12/2018 13:08:26] Ky75Ad;A002
[23/12/2018 13:08:27] K000
[23/12/2018 13:08:27] Kill System
[23/12/2018 13:10:46] Client Connected:
[23/12/2018 13:10:46] 192.168.43.119
[23/12/2018 13:10:47] Ky75Ad;A002
[23/12/2018 13:10:47] K000
[23/12/2018 13:10:47] Kill System
[23/12/2018 13:13:07] Client Connected:
[23/12/2018 13:13:07] 192.168.43.119
[23/12/2018 13:13:07] Ky75Ad;A002
[23/12/2018 13:13:07] K000
[23/12/2018 13:13:07] Kill System
[23/12/2018 13:15:27] Client Connected:
[23/12/2018 13:15:27] 192.168.43.119
[23/12/2018 13:15:27] Ky75Ad;A002
[23/12/2018 13:15:27] K000
[23/12/2018 13:15:27] Kill System
[23/12/2018 13:17:47] Client Connected:
[23/12/2018 13:17:47] 192.168.43.119
[23/12/2018 13:17:47] Ky75Ad;A002
[23/12/2018 13:17:47] K000
[23/12/2018 13:17:47] Kill System
[23/12/2018 14:29:06] Client Connected:
[23/12/2018 14:29:06] 192.168.43.119
[23/12/2018 14:29:06] Ky75Ad;A002
[23/12/2018 14:29:06] K000
[23/12/2018 14:29:06] Kill System
[26/12/2018 21:00:08] Start Bushido server
[26/12/2018 21:12:01] Client Connected:
[26/12/2018 21:12:01] 192.168.0.105
[26/12/2018 21:12:01] Ky75Ad;A002
[26/12/2018 21:12:02] K000
[26/12/2018 21:12:02] Kill System
[26/12/2018 21:14:22] Client Connected:
[26/12/2018 21:14:22] 192.168.0.105
[26/12/2018 21:14:22] Ky75Ad;A002
[26/12/2018 21:14:22] K000
[26/12/2018 21:14:22] Kill System
[26/12/2018 21:16:42] Client Connected:
[26/12/2018 21:16:42] 192.168.0.105
[26/12/2018 21:16:42] Ky75Ad;A002
[26/12/2018 21:16:42] K000
[26/12/2018 21:16:42] Kill System
[26/12/2018 21:19:02] Client Connected:
[26/12/2018 21:19:02] 192.168.0.105
[26/12/2018 21:19:02] Ky75Ad;A002
[26/12/2018 21:19:02] K000
[26/12/2018 21:19:03] Kill System
[26/12/2018 21:21:22] Client Connected:
[26/12/2018 21:21:22] 192.168.0.105
[26/12/2018 21:21:23] Ky75Ad;A002
[26/12/2018 21:21:23] K000
[26/12/2018 21:21:23] Kill System
[26/12/2018 21:23:43] Client Connected:
[26/12/2018 21:23:43] 192.168.0.105
[26/12/2018 21:23:43] Ky75Ad;A002
[26/12/2018 21:23:43] K000
[26/12/2018 21:23:43] Kill System
[26/12/2018 21:26:03] Client Connected:
[26/12/2018 21:26:03] 192.168.0.105
[26/12/2018 21:26:03] Ky75Ad;A002
[26/12/2018 21:26:03] K000
[26/12/2018 21:26:03] Kill System
[26/12/2018 21:28:23] Client Connected:
[26/12/2018 21:28:23] 192.168.0.105
[26/12/2018 21:28:23] Ky75Ad;A002
[26/12/2018 21:28:23] K000
[26/12/2018 21:28:23] Kill System
[26/12/2018 21:30:43] Client Connected:
[26/12/2018 21:30:43] 192.168.0.105
[26/12/2018 21:30:44] Ky75Ad;A002
[26/12/2018 21:30:44] K000
[26/12/2018 21:30:44] Kill System
[27/12/2018 23:22:26] Start Bushido server
[27/12/2018 23:23:11] Client Connected:
[27/12/2018 23:23:11] 192.168.0.105
[27/12/2018 23:23:11] Ky75Ad;A002
[27/12/2018 23:23:12] K000
[27/12/2018 23:23:12] Kill System
[27/12/2018 23:24:11] Client Connected:
[27/12/2018 23:24:11] 192.168.0.105
[27/12/2018 23:24:11] Ky75Ad;A002
[27/12/2018 23:24:11] K000
[27/12/2018 23:24:11] Kill System
[27/12/2018 23:24:22] Client Connected:
[27/12/2018 23:24:22] 192.168.0.105
[27/12/2018 23:24:22] Ky75Ad;A002
[27/12/2018 23:24:22] K000
[27/12/2018 23:24:22] Kill System
[27/12/2018 23:27:58] Client Connected:
[27/12/2018 23:27:58] 192.168.0.105
[27/12/2018 23:27:58] Ky75Ad;A002
[27/12/2018 23:27:58] K000
[27/12/2018 23:27:58] Kill System
[27/12/2018 23:30:18] Client Connected:
[27/12/2018 23:30:18] 192.168.0.105
[27/12/2018 23:30:18] Ky75Ad;A002
[27/12/2018 23:30:18] K000
[27/12/2018 23:30:18] Kill System
[27/12/2018 23:32:38] Client Connected:
[27/12/2018 23:32:38] 192.168.0.105
[27/12/2018 23:32:38] Ky75Ad;A002
[27/12/2018 23:32:39] K000
[27/12/2018 23:32:39] Kill System
[27/12/2018 23:34:58] Client Connected:
[27/12/2018 23:34:58] 192.168.0.105
[27/12/2018 23:34:59] Ky75Ad;A002
[27/12/2018 23:34:59] K000
[27/12/2018 23:34:59] Kill System
[27/12/2018 23:37:19] Client Connected:
[27/12/2018 23:37:19] 192.168.0.105
[27/12/2018 23:37:19] Ky75Ad;A002
[27/12/2018 23:37:19] K000
[27/12/2018 23:37:19] Kill System
[27/12/2018 23:39:39] Client Connected:
[27/12/2018 23:39:39] 192.168.0.105
[27/12/2018 23:39:39] Ky75Ad;A002
[27/12/2018 23:39:39] K000
[27/12/2018 23:39:39] Kill System
[27/12/2018 23:41:59] Client Connected:
[27/12/2018 23:41:59] 192.168.0.105
[27/12/2018 23:41:59] Ky75Ad;A002
[27/12/2018 23:42:00] K000
[27/12/2018 23:42:00] Kill System
[27/12/2018 23:44:19] Client Connected:
[27/12/2018 23:44:19] 192.168.0.105
[27/12/2018 23:44:20] Ky75Ad;A002
[27/12/2018 23:44:20] K000
[27/12/2018 23:44:20] Kill System
[27/12/2018 23:46:40] Client Connected:
[27/12/2018 23:46:40] 192.168.0.105
[27/12/2018 23:46:40] Ky75Ad;A002
[27/12/2018 23:46:40] K000
[27/12/2018 23:46:40] Kill System
[27/12/2018 23:49:00] Client Connected:
[27/12/2018 23:49:00] 192.168.0.105
[27/12/2018 23:49:00] Ky75Ad;A002
[27/12/2018 23:49:00] K000
[27/12/2018 23:49:00] Kill System
[27/12/2018 23:51:20] Client Connected:
[27/12/2018 23:51:20] 192.168.0.105
[27/12/2018 23:51:20] Ky75Ad;A002
[27/12/2018 23:51:21] K000
[27/12/2018 23:51:21] Kill System
[27/12/2018 23:53:40] Client Connected:
[27/12/2018 23:53:40] 192.168.0.105
[27/12/2018 23:53:41] Ky75Ad;A002
[27/12/2018 23:53:41] K000
[27/12/2018 23:53:41] Kill System
